<!DOCTYPE html>
<html>
<head>
    <title>Unittest Results</title>
    <meta charset="utf-8">
    <meta name="viewport" content="width=device-width, initial-scale=1.0">
    <link rel="stylesheet" href="https://maxcdn.bootstrapcdn.com/bootstrap/3.3.6/css/bootstrap.min.css" integrity="sha384-1q8mTJOASx8j1Au+a5WDVnPi2lkFfwwEAa8hDDdjZlpLegxhjVME1fgjWPGmkzs7" crossorigin="anonymous">
</head>
<body>
    <div class="container">
        <div class="row">
            <div class="col-xs-12">
                <h2 class="text-capitalize">Unittest Results</h2>
                <p class='attribute'><strong>Start Time: </strong>2022-07-09 19:03:03</p>
                <p class='attribute'><strong>Duration: </strong>83.64 s</p>
                <p class='attribute'><strong>Summary: </strong>Total: 3, Pass: 1, Error: 2</p>
            </div>
        </div>
        <div class="row">
            <div class="col-xs-12 col-sm-10 col-md-10">
                <table class='table table-hover table-responsive'>
                    <thead>
                        <tr>
                            <th>__main__.trivagoTest</th>
                            <th>Status</th>
                            <th></th>
                        </tr>
                    </thead>
                    <tbody>
                        <tr class='warning'>
                            <td class="col-xs-10">test_homePage</td>
                            <td class="col-xs-1">
                                <span class="label label-warning" style="display:block;width:40px;">Error</span>
                            </td>
                            <td class="col-xs-1">
                                <button class="btn btn-default btn-xs">View</button>
                            </td>
                        </tr>
                        <tr style="display:none;">
                            <td class="col-xs-9" colspan="3"><p style="color:maroon;">NoSuchElementException: Message: Unable to locate element: //time[@datetime='2022-07-22']//button[@type='button']//span[@class='absolute inset-0 flex justify-center items-center overflow-hidden -mt-px -ml-px border-transparent'][contains(text(),'22')]
Stacktrace:
WebDriverError@chrome://remote/content/shared/webdriver/Errors.jsm:186:5
NoSuchElementError@chrome://remote/content/shared/webdriver/Errors.jsm:398:5
element.find/</<@chrome://remote/content/marionette/element.js:300:16
</p><p style="color:maroon;">Traceback (most recent call last):
  File "C:\Users\Shiva\OneDrive\Desktop\capgemini training\Automation testing\selenium\sprint _2\unitTest\unittest01.py", line 33, in test_homePage
    self.driver.find_element(by=By.XPATH,value="//time[@datetime='2022-07-22']//button[@type='button']//span[@class='absolute inset-0 flex justify-center items-center overflow-hidden -mt-px -ml-px border-transparent'][contains(text(),'22')]").click()  #
  File "C:\Users\Shiva\OneDrive\Desktop\capgemini training\Automation testing\selenium\sprint _2\venv\lib\site-packages\selenium\webdriver\remote\webdriver.py", line 857, in find_element
    return self.execute(Command.FIND_ELEMENT, {
  File "C:\Users\Shiva\OneDrive\Desktop\capgemini training\Automation testing\selenium\sprint _2\venv\lib\site-packages\selenium\webdriver\remote\webdriver.py", line 435, in execute
    self.error_handler.check_response(response)
  File "C:\Users\Shiva\OneDrive\Desktop\capgemini training\Automation testing\selenium\sprint _2\venv\lib\site-packages\selenium\webdriver\remote\errorhandler.py", line 247, in check_response
    raise exception_class(message, screen, stacktrace)
selenium.common.exceptions.NoSuchElementException: Message: Unable to locate element: //time[@datetime='2022-07-22']//button[@type='button']//span[@class='absolute inset-0 flex justify-center items-center overflow-hidden -mt-px -ml-px border-transparent'][contains(text(),'22')]
Stacktrace:
WebDriverError@chrome://remote/content/shared/webdriver/Errors.jsm:186:5
NoSuchElementError@chrome://remote/content/shared/webdriver/Errors.jsm:398:5
element.find/</<@chrome://remote/content/marionette/element.js:300:16

</p>
                            </td>
                        </tr>
                        <tr class='success'>
                            <td class="col-xs-10">test_homePageTitle</td>
                            <td class="col-xs-1">
                                <span class="label label-success" style="display:block;width:40px;">Pass</span>
                            </td>
                            <td class="col-xs-1">
                            </td>
                        </tr>
                        <tr class='warning'>
                            <td class="col-xs-10">test_hotelsPage</td>
                            <td class="col-xs-1">
                                <span class="label label-warning" style="display:block;width:40px;">Error</span>
                            </td>
                            <td class="col-xs-1">
                                <button class="btn btn-default btn-xs">View</button>
                            </td>
                        </tr>
                        <tr style="display:none;">
                            <td class="col-xs-9" colspan="3"><p style="color:maroon;">ElementClickInterceptedException: Message: Element <button class="flex justify-center items-center
                relative
                w-9
                h-9
                rounded-full border border-grey-700
                hover:bg-grey-200 
                disabled:text-grey-300 disabled:border-grey-300 disabled:cursor-not-allowed CircleButton_noOutlineOffset__aB6Q6" type="button"> is not clickable at point (1158,162) because another element <div id="sec-overlay"> obscures it
Stacktrace:
WebDriverError@chrome://remote/content/shared/webdriver/Errors.jsm:186:5
ElementClickInterceptedError@chrome://remote/content/shared/webdriver/Errors.jsm:285:5
webdriverClickElement@chrome://remote/content/marionette/interaction.js:166:11
interaction.clickElement@chrome://remote/content/marionette/interaction.js:125:11
clickElement@chrome://remote/content/marionette/actors/MarionetteCommandsChild.jsm:203:24
receiveMessage@chrome://remote/content/marionette/actors/MarionetteCommandsChild.jsm:91:31
</p><p style="color:maroon;">Traceback (most recent call last):
  File "C:\Users\Shiva\OneDrive\Desktop\capgemini training\Automation testing\selenium\sprint _2\unitTest\unittest01.py", line 59, in test_hotelsPage
    self.driver.find_element(by=By.XPATH,value="/html/body/div[1]/div/div[1]/main/div[1]/div[4]/div/form/div[4]/div/div/div[2]/div/div[1]/div/button[2]").click()
  File "C:\Users\Shiva\OneDrive\Desktop\capgemini training\Automation testing\selenium\sprint _2\venv\lib\site-packages\selenium\webdriver\remote\webelement.py", line 88, in click
    self._execute(Command.CLICK_ELEMENT)
  File "C:\Users\Shiva\OneDrive\Desktop\capgemini training\Automation testing\selenium\sprint _2\venv\lib\site-packages\selenium\webdriver\remote\webelement.py", line 396, in _execute
    return self._parent.execute(command, params)
  File "C:\Users\Shiva\OneDrive\Desktop\capgemini training\Automation testing\selenium\sprint _2\venv\lib\site-packages\selenium\webdriver\remote\webdriver.py", line 435, in execute
    self.error_handler.check_response(response)
  File "C:\Users\Shiva\OneDrive\Desktop\capgemini training\Automation testing\selenium\sprint _2\venv\lib\site-packages\selenium\webdriver\remote\errorhandler.py", line 247, in check_response
    raise exception_class(message, screen, stacktrace)
selenium.common.exceptions.ElementClickInterceptedException: Message: Element <button class="flex justify-center items-center
                relative
                w-9
                h-9
                rounded-full border border-grey-700
                hover:bg-grey-200 
                disabled:text-grey-300 disabled:border-grey-300 disabled:cursor-not-allowed CircleButton_noOutlineOffset__aB6Q6" type="button"> is not clickable at point (1158,162) because another element <div id="sec-overlay"> obscures it
Stacktrace:
WebDriverError@chrome://remote/content/shared/webdriver/Errors.jsm:186:5
ElementClickInterceptedError@chrome://remote/content/shared/webdriver/Errors.jsm:285:5
webdriverClickElement@chrome://remote/content/marionette/interaction.js:166:11
interaction.clickElement@chrome://remote/content/marionette/interaction.js:125:11
clickElement@chrome://remote/content/marionette/actors/MarionetteCommandsChild.jsm:203:24
receiveMessage@chrome://remote/content/marionette/actors/MarionetteCommandsChild.jsm:91:31

</p>
                            </td>
                        </tr>
                        <tr>
                            <td colspan="3">
                                Total: 3, Pass: 1, Error: 2 -- Duration: 83.64 s
                            </td>
                        </tr>
                    </tbody>
                </table>
            </div>
        </div>
    </div>
    <script src="https://ajax.googleapis.com/ajax/libs/jquery/2.2.4/jquery.min.js"></script>
    <script type="text/javascript">
        $(document).ready(function(){
            $('td').on('click', '.btn', function(e){
                e.preventDefault();
                e.stopImmediatePropagation();
                var $this = $(this);
                var $nextRow = $this.closest('tr').next('tr');
                $nextRow.slideToggle("fast");
                $this.text(function(i, text){
                    if (text === 'View') {
                        return 'Hide';
                    } else {
                        return 'View';
                    };
                });
            });
        });
    </script>
</body>
</html